<?xml version="1.0" encoding="UTF-8"?>
<!-- Generated by org.testng.reporters.JUnitReportReporter -->
<testsuite hostname="LAPTOP-0I42F6JR" failures="0" tests="1" name="runner.TestRunner" time="1.307" errors="0" timestamp="2025-04-20T13:35:32 IST" skipped="0">
  <testcase classname="runner.TestRunner" name="runScenario" time="1.307"/>
</testsuite> <!-- runner.TestRunner -->
